# JRE version: OpenJDK Runtime Environment (11.0.13) (build 11.0.13+0-b1751.21-8125866)
# Java VM: OpenJDK 64-Bit Server VM (11.0.13+0-b1751.21-8125866, mixed mode, tiered, compressed oops, g1 gc, windows-amd64)
Heap:
 garbage-first heap   total 152576K, used 56952K [0x0000000080000000, 0x0000000100000000)
  region size 1024K, 5 young (5120K), 5 survivors (5120K)
 Metaspace       used 70712K, capacity 72270K, committed 72304K, reserved 1122304K
  class space    used 9125K, capacity 9718K, committed 9752K, reserved 1048576K
GC Heap History (20 events):
Event: 5.311 GC heap before
{Heap before GC invocations=4 (full 0):
 garbage-first heap   total 126976K, used 70587K [0x0000000080000000, 0x0000000100000000)
  region size 1024K, 54 young (55296K), 2 survivors (2048K)
 Metaspace       used 26451K, capacity 27079K, committed 27132K, reserved 1073152K
  class space    used 3422K, capacity 3638K, committed 3660K, reserved 1048576K
}
Event: 5.316 GC heap after
{Heap after GC invocations=5 (full 0):
 garbage-first heap   total 126976K, used 19139K [0x0000000080000000, 0x0000000100000000)
  region size 1024K, 4 young (4096K), 4 survivors (4096K)
 Metaspace       used 26451K, capacity 27079K, committed 27132K, reserved 1073152K
  class space    used 3422K, capacity 3638K, committed 3660K, reserved 1048576K
}
Event: 6.534 GC heap before
{Heap before GC invocations=5 (full 0):
 garbage-first heap   total 126976K, used 78531K [0x0000000080000000, 0x0000000100000000)
  region size 1024K, 62 young (63488K), 4 survivors (4096K)
 Metaspace       used 34858K, capacity 35679K, committed 35708K, reserved 1081344K
  class space    used 4478K, capacity 4783K, committed 4812K, reserved 1048576K
}
Event: 6.540 GC heap after
{Heap after GC invocations=6 (full 0):
 garbage-first heap   total 126976K, used 22393K [0x0000000080000000, 0x0000000100000000)
  region size 1024K, 7 young (7168K), 7 survivors (7168K)
 Metaspace       used 34858K, capacity 35679K, committed 35708K, reserved 1081344K
  class space    used 4478K, capacity 4783K, committed 4812K, reserved 1048576K
}
Event: 6.599 GC heap before
{Heap before GC invocations=6 (full 0):
 garbage-first heap   total 126976K, used 24441K [0x0000000080000000, 0x0000000100000000)
  region size 1024K, 10 young (10240K), 7 survivors (7168K)
 Metaspace       used 35170K, capacity 35937K, committed 35964K, reserved 1081344K
  class space    used 4524K, capacity 4806K, committed 4812K, reserved 1048576K
}
Event: 6.611 GC heap after
{Heap after GC invocations=7 (full 0):
 garbage-first heap   total 126976K, used 22996K [0x0000000080000000, 0x0000000100000000)
  region size 1024K, 4 young (4096K), 4 survivors (4096K)
 Metaspace       used 35170K, capacity 35937K, committed 35964K, reserved 1081344K
  class space    used 4524K, capacity 4806K, committed 4812K, reserved 1048576K
}
Event: 7.837 GC heap before
{Heap before GC invocations=8 (full 0):
 garbage-first heap   total 126976K, used 87508K [0x0000000080000000, 0x0000000100000000)
  region size 1024K, 65 young (66560K), 4 survivors (4096K)
 Metaspace       used 39782K, capacity 40666K, committed 40956K, reserved 1085440K
  class space    used 5035K, capacity 5373K, committed 5452K, reserved 1048576K
}
Event: 7.848 GC heap after
{Heap after GC invocations=9 (full 0):
 garbage-first heap   total 126976K, used 27676K [0x0000000080000000, 0x0000000100000000)
  region size 1024K, 9 young (9216K), 9 survivors (9216K)
 Metaspace       used 39782K, capacity 40666K, committed 40956K, reserved 1085440K
  class space    used 5035K, capacity 5373K, committed 5452K, reserved 1048576K
}
Event: 8.759 GC heap before
{Heap before GC invocations=9 (full 0):
 garbage-first heap   total 126976K, used 88092K [0x0000000080000000, 0x0000000100000000)
  region size 1024K, 68 young (69632K), 9 survivors (9216K)
 Metaspace       used 45506K, capacity 46587K, committed 46844K, reserved 1089536K
  class space    used 5772K, capacity 6145K, committed 6220K, reserved 1048576K
}
Event: 8.770 GC heap after
{Heap after GC invocations=10 (full 0):
 garbage-first heap   total 126976K, used 29856K [0x0000000080000000, 0x0000000100000000)
  region size 1024K, 3 young (3072K), 3 survivors (3072K)
 Metaspace       used 45506K, capacity 46587K, committed 46844K, reserved 1089536K
  class space    used 5772K, capacity 6145K, committed 6220K, reserved 1048576K
}
Event: 9.737 GC heap before
{Heap before GC invocations=10 (full 0):
 garbage-first heap   total 126976K, used 94368K [0x0000000080000000, 0x0000000100000000)
  region size 1024K, 64 young (65536K), 3 survivors (3072K)
 Metaspace       used 48601K, capacity 49892K, committed 50172K, reserved 1093632K
  class space    used 6145K, capacity 6616K, committed 6732K, reserved 1048576K
}
Event: 9.744 GC heap after
{Heap after GC invocations=11 (full 0):
 garbage-first heap   total 152576K, used 35977K [0x0000000080000000, 0x0000000100000000)
  region size 1024K, 7 young (7168K), 7 survivors (7168K)
 Metaspace       used 48601K, capacity 49892K, committed 50172K, reserved 1093632K
  class space    used 6145K, capacity 6616K, committed 6732K, reserved 1048576K
}
Event: 11.258 GC heap before
{Heap before GC invocations=11 (full 0):
 garbage-first heap   total 152576K, used 111753K [0x0000000080000000, 0x0000000100000000)
  region size 1024K, 79 young (80896K), 7 survivors (7168K)
 Metaspace       used 57228K, capacity 58610K, committed 58620K, reserved 1099776K
  class space    used 7221K, capacity 7750K, committed 7756K, reserved 1048576K
}
Event: 11.268 GC heap after
{Heap after GC invocations=12 (full 0):
 garbage-first heap   total 152576K, used 43402K [0x0000000080000000, 0x0000000100000000)
  region size 1024K, 10 young (10240K), 10 survivors (10240K)
 Metaspace       used 57228K, capacity 58610K, committed 58620K, reserved 1099776K
  class space    used 7221K, capacity 7750K, committed 7756K, reserved 1048576K
}
Event: 11.531 GC heap before
{Heap before GC invocations=12 (full 0):
 garbage-first heap   total 152576K, used 54666K [0x0000000080000000, 0x0000000100000000)
  region size 1024K, 22 young (22528K), 10 survivors (10240K)
 Metaspace       used 59086K, capacity 60465K, committed 60580K, reserved 1101824K
  class space    used 7463K, capacity 7984K, committed 8012K, reserved 1048576K
}
Event: 11.542 GC heap after
{Heap after GC invocations=13 (full 0):
 garbage-first heap   total 152576K, used 45236K [0x0000000080000000, 0x0000000100000000)
  region size 1024K, 7 young (7168K), 7 survivors (7168K)
 Metaspace       used 59086K, capacity 60465K, committed 60580K, reserved 1101824K
  class space    used 7463K, capacity 7984K, committed 8012K, reserved 1048576K
}
Event: 12.450 GC heap before
{Heap before GC invocations=14 (full 0):
 garbage-first heap   total 152576K, used 104628K [0x0000000080000000, 0x0000000100000000)
  region size 1024K, 59 young (60416K), 7 survivors (7168K)
 Metaspace       used 62957K, capacity 64463K, committed 64752K, reserved 1105920K
  class space    used 7920K, capacity 8475K, committed 8600K, reserved 1048576K
}
Event: 12.460 GC heap after
{Heap after GC invocations=15 (full 0):
 garbage-first heap   total 152576K, used 49688K [0x0000000080000000, 0x0000000100000000)
  region size 1024K, 7 young (7168K), 7 survivors (7168K)
 Metaspace       used 62957K, capacity 64463K, committed 64752K, reserved 1105920K
  class space    used 7920K, capacity 8475K, committed 8600K, reserved 1048576K
}
Event: 13.164 GC heap before
{Heap before GC invocations=16 (full 0):
 garbage-first heap   total 152576K, used 103960K [0x0000000080000000, 0x0000000100000000)
  region size 1024K, 59 young (60416K), 7 survivors (7168K)
 Metaspace       used 65043K, capacity 66603K, committed 66800K, reserved 1107968K
  class space    used 8219K, capacity 8775K, committed 8856K, reserved 1048576K
}
Event: 13.174 GC heap after
{Heap after GC invocations=17 (full 0):
 garbage-first heap   total 152576K, used 53098K [0x0000000080000000, 0x0000000100000000)
  region size 1024K, 4 young (4096K), 4 survivors (4096K)
 Metaspace       used 65043K, capacity 66603K, committed 66800K, reserved 1107968K
  class space    used 8219K, capacity 8775K, committed 8856K, reserved 1048576K
}

