# JRE version: OpenJDK Runtime Environment (11.0.13) (build 11.0.13+0-b1751.21-8125866)
# Java VM: OpenJDK 64-Bit Server VM (11.0.13+0-b1751.21-8125866, mixed mode, tiered, compressed oops, g1 gc, windows-amd64)
Heap:
 garbage-first heap   total 317440K, used 199814K [0x0000000080000000, 0x0000000100000000)
  region size 1024K, 3 young (3072K), 3 survivors (3072K)
 Metaspace       used 109574K, capacity 112725K, committed 112896K, reserved 1146880K
  class space    used 13485K, capacity 14592K, committed 14592K, reserved 1048576K
GC Heap History (20 events):
Event: 219.655 GC heap after
{Heap after GC invocations=69 (full 0):
 garbage-first heap   total 220160K, used 178370K [0x0000000080000000, 0x0000000100000000)
  region size 1024K, 2 young (2048K), 2 survivors (2048K)
 Metaspace       used 103900K, capacity 107060K, committed 107136K, reserved 1142784K
  class space    used 13051K, capacity 14156K, committed 14208K, reserved 1048576K
}
Event: 219.974 GC heap before
{Heap before GC invocations=69 (full 0):
 garbage-first heap   total 220160K, used 189634K [0x0000000080000000, 0x0000000100000000)
  region size 1024K, 14 young (14336K), 2 survivors (2048K)
 Metaspace       used 103979K, capacity 107129K, committed 107392K, reserved 1142784K
  class space    used 13057K, capacity 14157K, committed 14208K, reserved 1048576K
}
Event: 219.983 GC heap after
{Heap after GC invocations=70 (full 0):
 garbage-first heap   total 220160K, used 179765K [0x0000000080000000, 0x0000000100000000)
  region size 1024K, 2 young (2048K), 2 survivors (2048K)
 Metaspace       used 103979K, capacity 107129K, committed 107392K, reserved 1142784K
  class space    used 13057K, capacity 14157K, committed 14208K, reserved 1048576K
}
Event: 220.312 GC heap before
{Heap before GC invocations=71 (full 0):
 garbage-first heap   total 220160K, used 190005K [0x0000000080000000, 0x0000000100000000)
  region size 1024K, 13 young (13312K), 2 survivors (2048K)
 Metaspace       used 104017K, capacity 107193K, committed 107392K, reserved 1142784K
  class space    used 13060K, capacity 14157K, committed 14208K, reserved 1048576K
}
Event: 220.324 GC heap after
{Heap after GC invocations=72 (full 0):
 garbage-first heap   total 220160K, used 184540K [0x0000000080000000, 0x0000000100000000)
  region size 1024K, 2 young (2048K), 2 survivors (2048K)
 Metaspace       used 104017K, capacity 107193K, committed 107392K, reserved 1142784K
  class space    used 13060K, capacity 14157K, committed 14208K, reserved 1048576K
}
Event: 220.625 GC heap before
{Heap before GC invocations=72 (full 0):
 garbage-first heap   total 220160K, used 209116K [0x0000000080000000, 0x0000000100000000)
  region size 1024K, 10 young (10240K), 2 survivors (2048K)
 Metaspace       used 104280K, capacity 107442K, committed 107648K, reserved 1142784K
  class space    used 13079K, capacity 14167K, committed 14208K, reserved 1048576K
}
Event: 220.636 GC heap after
{Heap after GC invocations=73 (full 0):
 garbage-first heap   total 220160K, used 184410K [0x0000000080000000, 0x0000000100000000)
  region size 1024K, 1 young (1024K), 1 survivors (1024K)
 Metaspace       used 104280K, capacity 107442K, committed 107648K, reserved 1142784K
  class space    used 13079K, capacity 14167K, committed 14208K, reserved 1048576K
}
Event: 220.697 GC heap before
{Heap before GC invocations=73 (full 0):
 garbage-first heap   total 220160K, used 193626K [0x0000000080000000, 0x0000000100000000)
  region size 1024K, 10 young (10240K), 1 survivors (1024K)
 Metaspace       used 104321K, capacity 107521K, committed 107648K, reserved 1142784K
  class space    used 13080K, capacity 14170K, committed 14208K, reserved 1048576K
}
Event: 220.703 GC heap after
{Heap after GC invocations=74 (full 0):
 garbage-first heap   total 264192K, used 185943K [0x0000000080000000, 0x0000000100000000)
  region size 1024K, 2 young (2048K), 2 survivors (2048K)
 Metaspace       used 104321K, capacity 107521K, committed 107648K, reserved 1142784K
  class space    used 13080K, capacity 14170K, committed 14208K, reserved 1048576K
}
Event: 221.031 GC heap before
{Heap before GC invocations=74 (full 0):
 garbage-first heap   total 264192K, used 210519K [0x0000000080000000, 0x0000000100000000)
  region size 1024K, 27 young (27648K), 2 survivors (2048K)
 Metaspace       used 105614K, capacity 108775K, committed 109056K, reserved 1144832K
  class space    used 13178K, capacity 14301K, committed 14336K, reserved 1048576K
}
Event: 221.038 GC heap after
{Heap after GC invocations=75 (full 0):
 garbage-first heap   total 264192K, used 190441K [0x0000000080000000, 0x0000000100000000)
  region size 1024K, 4 young (4096K), 4 survivors (4096K)
 Metaspace       used 105614K, capacity 108775K, committed 109056K, reserved 1144832K
  class space    used 13178K, capacity 14301K, committed 14336K, reserved 1048576K
}
Event: 221.422 GC heap before
{Heap before GC invocations=75 (full 0):
 garbage-first heap   total 264192K, used 213993K [0x0000000080000000, 0x0000000100000000)
  region size 1024K, 28 young (28672K), 4 survivors (4096K)
 Metaspace       used 107450K, capacity 110567K, committed 110720K, reserved 1144832K
  class space    used 13319K, capacity 14429K, committed 14464K, reserved 1048576K
}
Event: 221.433 GC heap after
{Heap after GC invocations=76 (full 0):
 garbage-first heap   total 264192K, used 192726K [0x0000000080000000, 0x0000000100000000)
  region size 1024K, 3 young (3072K), 3 survivors (3072K)
 Metaspace       used 107450K, capacity 110567K, committed 110720K, reserved 1144832K
  class space    used 13319K, capacity 14429K, committed 14464K, reserved 1048576K
}
Event: 221.602 GC heap before
{Heap before GC invocations=76 (full 0):
 garbage-first heap   total 264192K, used 217302K [0x0000000080000000, 0x0000000100000000)
  region size 1024K, 27 young (27648K), 3 survivors (3072K)
 Metaspace       used 107873K, capacity 111111K, committed 111232K, reserved 1146880K
  class space    used 13343K, capacity 14461K, committed 14464K, reserved 1048576K
}
Event: 221.608 GC heap after
{Heap after GC invocations=77 (full 0):
 garbage-first heap   total 264192K, used 193951K [0x0000000080000000, 0x0000000100000000)
  region size 1024K, 2 young (2048K), 2 survivors (2048K)
 Metaspace       used 107873K, capacity 111111K, committed 111232K, reserved 1146880K
  class space    used 13343K, capacity 14461K, committed 14464K, reserved 1048576K
}
Event: 221.793 GC heap before
{Heap before GC invocations=77 (full 0):
 garbage-first heap   total 264192K, used 218527K [0x0000000080000000, 0x0000000100000000)
  region size 1024K, 27 young (27648K), 2 survivors (2048K)
 Metaspace       used 108146K, capacity 111335K, committed 111616K, reserved 1146880K
  class space    used 13362K, capacity 14493K, committed 14592K, reserved 1048576K
}
Event: 221.799 GC heap after
{Heap after GC invocations=78 (full 0):
 garbage-first heap   total 264192K, used 195014K [0x0000000080000000, 0x0000000100000000)
  region size 1024K, 3 young (3072K), 3 survivors (3072K)
 Metaspace       used 108146K, capacity 111335K, committed 111616K, reserved 1146880K
  class space    used 13362K, capacity 14493K, committed 14592K, reserved 1048576K
}
Event: 221.959 GC heap before
{Heap before GC invocations=78 (full 0):
 garbage-first heap   total 264192K, used 220614K [0x0000000080000000, 0x0000000100000000)
  region size 1024K, 29 young (29696K), 3 survivors (3072K)
 Metaspace       used 108718K, capacity 111881K, committed 112128K, reserved 1146880K
  class space    used 13399K, capacity 14525K, committed 14592K, reserved 1048576K
}
Event: 221.969 GC heap after
{Heap after GC invocations=79 (full 0):
 garbage-first heap   total 264192K, used 199236K [0x0000000080000000, 0x0000000100000000)
  region size 1024K, 4 young (4096K), 4 survivors (4096K)
 Metaspace       used 108718K, capacity 111881K, committed 112128K, reserved 1146880K
  class space    used 13399K, capacity 14525K, committed 14592K, reserved 1048576K
}
Event: 222.286 GC heap before
{Heap before GC invocations=79 (full 0):
 garbage-first heap   total 264192K, used 222788K [0x0000000080000000, 0x0000000100000000)
  region size 1024K, 28 young (28672K), 4 survivors (4096K)
 Metaspace       used 109574K, capacity 112725K, committed 112896K, reserved 1146880K
  class space    used 13485K, capacity 14592K, committed 14592K, reserved 1048576K
}

